<?xml version="1.0" encoding="UTF-8"?>
<!-- Generated by org.testng.reporters.JUnitReportReporter -->
<testsuite hostname="KundanaSansitha" failures="0" tests="1" name="Project.Programs.SelClass" time="3.631" errors="0" timestamp="2023-01-26T21:08:17 EST" skipped="0">
  <testcase classname="Project.Programs.SelClass" name="StartExecution" time="3.631"/>
  <system-out/>
</testsuite> <!-- Project.Programs.SelClass -->
