<?xml version="1.0" encoding="UTF-8"?>
<!-- Generated by org.testng.reporters.JUnitReportReporter -->
<testsuite hostname="KundanaSansitha" failures="0" tests="3" name="Project.Programs.Program1" time="0.009" errors="0" timestamp="2023-01-12T23:28:50 EST" skipped="0">
  <testcase classname="Project.Programs.Program1" name="printMethod2" time="0.006"/>
  <system-out/>
  <testcase classname="Project.Programs.Program1" name="printMethod1" time="0.002"/>
  <system-out/>
  <testcase classname="Project.Programs.Program1" name="printMethod3" time="0.001"/>
  <system-out/>
</testsuite> <!-- Project.Programs.Program1 -->
