<?xml version="1.0" encoding="UTF-8"?>
<!-- Generated by org.testng.reporters.JUnitReportReporter -->
<testsuite hostname="KundanaSansitha" failures="0" tests="1" name="Project.Programs.TotLinks" time="3.562" errors="0" timestamp="2023-01-27T00:06:42 EST" skipped="0">
  <testcase classname="Project.Programs.TotLinks" name="runTest" time="3.562"/>
  <system-out/>
</testsuite> <!-- Project.Programs.TotLinks -->
